INFO:backend.services.websocket_manager:\U0001f4ca Subscribed to kline: BTCUSDT 1
INFO:backend.services.websocket_manager:\U0001f4b1 Subscribed to trades: BTCUSDT
INFO:backend.services.websocket_manager:\U0001f4ca Subscribed to kline: ETHUSDT 1
INFO:backend.services.websocket_manager:\U0001f4b1 Subscribed to trades: ETHUSDT
INFO:ws_publisher:Starting WebSocket publisher
INFO:backend.services.websocket_manager:\U0001f680 WebSocket manager started
INFO:backend.services.websocket_manager:Connecting to wss://stream.bybit.com/v5/public/linear
WARNING:backend.services.websocket_manager:Connection timeout
INFO:ws_publisher:Prometheus metrics HTTP server started on 0.0.0.0:8001
INFO:ws_publisher:Starting fake publisher -> Redis redis://localhost:6379/0
INFO:ws_publisher:Fake XADD stream:candles:BTCUSDT:1 id=1760881607018-0
INFO:ws_publisher:Fake XADD stream:candles:ETHUSDT:1 id=1760881607020-0
INFO:ws_publisher:Fake XADD stream:candles:BTCUSDT:1 id=1760881608144-0
INFO:ws_publisher:Fake XADD stream:candles:ETHUSDT:1 id=1760881608145-0
INFO:backend.services.websocket_manager:\u2705 WebSocket connected
INFO:backend.services.websocket_manager:\U0001f4e1 Subscribed to 4 topics
INFO:ws_publisher:Fake XADD stream:candles:BTCUSDT:1 id=1760881609251-0
INFO:ws_publisher:Fake XADD stream:candles:ETHUSDT:1 id=1760881609253-0
INFO:ws_publisher:Fake XADD stream:candles:BTCUSDT:1 id=1760881610359-0
INFO:ws_publisher:Fake XADD stream:candles:ETHUSDT:1 id=1760881610360-0
INFO:ws_publisher:Fake XADD stream:candles:BTCUSDT:1 id=1760881611466-0
INFO:ws_publisher:Fake XADD stream:candles:ETHUSDT:1 id=1760881611467-0
INFO:ws_publisher:Fake XADD stream:candles:BTCUSDT:1 id=1760881612572-0
INFO:ws_publisher:Fake XADD stream:candles:ETHUSDT:1 id=1760881612573-0
INFO:ws_publisher:Fake XADD stream:candles:BTCUSDT:1 id=1760881613679-0
INFO:ws_publisher:Fake XADD stream:candles:ETHUSDT:1 id=1760881613680-0
INFO:ws_publisher:Fake XADD stream:candles:BTCUSDT:1 id=1760881614785-0
INFO:ws_publisher:Fake XADD stream:candles:ETHUSDT:1 id=1760881614787-0
INFO:ws_publisher:Fake XADD stream:candles:BTCUSDT:1 id=1760881615893-0
INFO:ws_publisher:Fake XADD stream:candles:ETHUSDT:1 id=1760881615896-0
INFO:ws_publisher:Fake XADD stream:candles:BTCUSDT:1 id=1760881617001-0
INFO:ws_publisher:Fake XADD stream:candles:ETHUSDT:1 id=1760881617003-0
INFO:ws_publisher:Fake XADD stream:candles:BTCUSDT:1 id=1760881618108-0
INFO:ws_publisher:Fake XADD stream:candles:ETHUSDT:1 id=1760881618111-0
INFO:ws_publisher:Fake XADD stream:candles:BTCUSDT:1 id=1760881619217-0
INFO:ws_publisher:Fake XADD stream:candles:ETHUSDT:1 id=1760881619255-0
INFO:ws_publisher:Fake publisher heartbeat: running
INFO:ws_publisher:Fake XADD stream:candles:BTCUSDT:1 id=1760881620362-0
INFO:ws_publisher:Fake XADD stream:candles:ETHUSDT:1 id=1760881620363-0
INFO:ws_publisher:Fake XADD stream:candles:BTCUSDT:1 id=1760881621469-0
INFO:ws_publisher:Fake XADD stream:candles:ETHUSDT:1 id=1760881621470-0
INFO:ws_publisher:Fake XADD stream:candles:BTCUSDT:1 id=1760881622577-0
INFO:ws_publisher:Fake XADD stream:candles:ETHUSDT:1 id=1760881622578-0
INFO:ws_publisher:Fake XADD stream:candles:BTCUSDT:1 id=1760881623686-0
INFO:ws_publisher:Fake XADD stream:candles:ETHUSDT:1 id=1760881623688-0
INFO:ws_publisher:Fake XADD stream:candles:BTCUSDT:1 id=1760881624793-0
INFO:ws_publisher:Fake XADD stream:candles:ETHUSDT:1 id=1760881624795-0
INFO:ws_publisher:Fake XADD stream:candles:BTCUSDT:1 id=1760881625903-0
INFO:ws_publisher:Fake XADD stream:candles:ETHUSDT:1 id=1760881625906-0
INFO:ws_publisher:Fake XADD stream:candles:BTCUSDT:1 id=1760881627014-0
INFO:ws_publisher:Fake XADD stream:candles:ETHUSDT:1 id=1760881627016-0
INFO:ws_publisher:Fake XADD stream:candles:BTCUSDT:1 id=1760881628122-0
INFO:ws_publisher:Fake XADD stream:candles:ETHUSDT:1 id=1760881628124-0
INFO:ws_publisher:Fake XADD stream:candles:BTCUSDT:1 id=1760881629230-0
INFO:ws_publisher:Fake XADD stream:candles:ETHUSDT:1 id=1760881629232-0
INFO:ws_publisher:Fake XADD stream:candles:BTCUSDT:1 id=1760881630337-0
INFO:ws_publisher:Fake XADD stream:candles:ETHUSDT:1 id=1760881630338-0
INFO:ws_publisher:Fake XADD stream:candles:BTCUSDT:1 id=1760881631445-0
INFO:ws_publisher:Fake XADD stream:candles:ETHUSDT:1 id=1760881631447-0
INFO:ws_publisher:Fake XADD stream:candles:BTCUSDT:1 id=1760881632553-0
INFO:ws_publisher:Fake XADD stream:candles:ETHUSDT:1 id=1760881632555-0
INFO:ws_publisher:Fake XADD stream:candles:BTCUSDT:1 id=1760881633659-0
INFO:ws_publisher:Fake XADD stream:candles:ETHUSDT:1 id=1760881633661-0
INFO:ws_publisher:Fake XADD stream:candles:BTCUSDT:1 id=1760881634767-0
INFO:ws_publisher:Fake XADD stream:candles:ETHUSDT:1 id=1760881634769-0
INFO:ws_publisher:Fake XADD stream:candles:BTCUSDT:1 id=1760881635874-0
INFO:ws_publisher:Fake XADD stream:candles:ETHUSDT:1 id=1760881635877-0
INFO:ws_publisher:Fake XADD stream:candles:BTCUSDT:1 id=1760881636982-0
INFO:ws_publisher:Fake XADD stream:candles:ETHUSDT:1 id=1760881636984-0
INFO:ws_publisher:Fake XADD stream:candles:BTCUSDT:1 id=1760881638090-0
INFO:ws_publisher:Fake XADD stream:candles:ETHUSDT:1 id=1760881638092-0
INFO:ws_publisher:Fake XADD stream:candles:BTCUSDT:1 id=1760881639199-0
INFO:ws_publisher:Fake XADD stream:candles:ETHUSDT:1 id=1760881639201-0
INFO:ws_publisher:Fake XADD stream:candles:BTCUSDT:1 id=1760881640328-0
INFO:ws_publisher:Fake XADD stream:candles:ETHUSDT:1 id=1760881640347-0
INFO:ws_publisher:Fake XADD stream:candles:BTCUSDT:1 id=1760881641455-0
INFO:ws_publisher:Fake XADD stream:candles:ETHUSDT:1 id=1760881641457-0
INFO:ws_publisher:Fake XADD stream:candles:BTCUSDT:1 id=1760881642564-0
INFO:ws_publisher:Fake XADD stream:candles:ETHUSDT:1 id=1760881642566-0
INFO:ws_publisher:Fake XADD stream:candles:BTCUSDT:1 id=1760881643673-0
INFO:ws_publisher:Fake XADD stream:candles:ETHUSDT:1 id=1760881643748-0
INFO:ws_publisher:Fake XADD stream:candles:BTCUSDT:1 id=1760881644856-0
INFO:ws_publisher:Fake XADD stream:candles:ETHUSDT:1 id=1760881644859-0
INFO:ws_publisher:Fake XADD stream:candles:BTCUSDT:1 id=1760881645967-0
INFO:ws_publisher:Fake XADD stream:candles:ETHUSDT:1 id=1760881645969-0
INFO:ws_publisher:Fake XADD stream:candles:BTCUSDT:1 id=1760881647075-0
INFO:ws_publisher:Fake XADD stream:candles:ETHUSDT:1 id=1760881647076-0
INFO:ws_publisher:Fake XADD stream:candles:BTCUSDT:1 id=1760881648183-0
INFO:ws_publisher:Fake XADD stream:candles:ETHUSDT:1 id=1760881648187-0
INFO:ws_publisher:Fake XADD stream:candles:BTCUSDT:1 id=1760881649295-0
INFO:ws_publisher:Fake XADD stream:candles:ETHUSDT:1 id=1760881649298-0
INFO:ws_publisher:Fake publisher heartbeat: running
INFO:ws_publisher:Fake XADD stream:candles:BTCUSDT:1 id=1760881650408-0
INFO:ws_publisher:Fake XADD stream:candles:ETHUSDT:1 id=1760881650411-0
INFO:ws_publisher:Fake XADD stream:candles:BTCUSDT:1 id=1760881651518-0
INFO:ws_publisher:Fake XADD stream:candles:ETHUSDT:1 id=1760881651520-0
INFO:ws_publisher:Fake XADD stream:candles:BTCUSDT:1 id=1760881652625-0
INFO:ws_publisher:Fake XADD stream:candles:ETHUSDT:1 id=1760881652626-0
INFO:ws_publisher:Fake XADD stream:candles:BTCUSDT:1 id=1760881653734-0
INFO:ws_publisher:Fake XADD stream:candles:ETHUSDT:1 id=1760881653735-0
INFO:ws_publisher:Fake XADD stream:candles:BTCUSDT:1 id=1760881654842-0
INFO:ws_publisher:Fake XADD stream:candles:ETHUSDT:1 id=1760881654845-0
INFO:ws_publisher:Fake XADD stream:candles:BTCUSDT:1 id=1760881655952-0
INFO:ws_publisher:Fake XADD stream:candles:ETHUSDT:1 id=1760881655955-0
INFO:ws_publisher:Fake XADD stream:candles:BTCUSDT:1 id=1760881657063-0
INFO:ws_publisher:Fake XADD stream:candles:ETHUSDT:1 id=1760881657067-0
INFO:ws_publisher:Fake XADD stream:candles:BTCUSDT:1 id=1760881658175-0
INFO:ws_publisher:Fake XADD stream:candles:ETHUSDT:1 id=1760881658178-0
INFO:ws_publisher:Fake XADD stream:candles:BTCUSDT:1 id=1760881659287-0
INFO:ws_publisher:Fake XADD stream:candles:ETHUSDT:1 id=1760881659290-0
INFO:ws_publisher:Fake XADD stream:candles:BTCUSDT:1 id=1760881660397-0
INFO:ws_publisher:Fake XADD stream:candles:ETHUSDT:1 id=1760881660399-0
INFO:ws_publisher:Fake XADD stream:candles:BTCUSDT:1 id=1760881661505-0
INFO:ws_publisher:Fake XADD stream:candles:ETHUSDT:1 id=1760881661507-0
INFO:ws_publisher:Fake XADD stream:candles:BTCUSDT:1 id=1760881662612-0
INFO:ws_publisher:Fake XADD stream:candles:ETHUSDT:1 id=1760881662615-0
INFO:ws_publisher:Fake XADD stream:candles:BTCUSDT:1 id=1760881663723-0
INFO:ws_publisher:Fake XADD stream:candles:ETHUSDT:1 id=1760881663726-0
INFO:ws_publisher:Fake XADD stream:candles:BTCUSDT:1 id=1760881664833-0
INFO:ws_publisher:Fake XADD stream:candles:ETHUSDT:1 id=1760881664834-0
INFO:ws_publisher:Fake XADD stream:candles:BTCUSDT:1 id=1760881665941-0
INFO:ws_publisher:Fake XADD stream:candles:ETHUSDT:1 id=1760881665942-0
INFO:ws_publisher:Fake XADD stream:candles:BTCUSDT:1 id=1760881667048-0
INFO:ws_publisher:Fake XADD stream:candles:ETHUSDT:1 id=1760881667049-0
INFO:ws_publisher:Fake XADD stream:candles:BTCUSDT:1 id=1760881668156-0
INFO:ws_publisher:Fake XADD stream:candles:ETHUSDT:1 id=1760881668158-0
INFO:ws_publisher:Fake XADD stream:candles:BTCUSDT:1 id=1760881669263-0
INFO:ws_publisher:Fake XADD stream:candles:ETHUSDT:1 id=1760881669265-0
INFO:ws_publisher:Fake XADD stream:candles:BTCUSDT:1 id=1760881670371-0
INFO:ws_publisher:Fake XADD stream:candles:ETHUSDT:1 id=1760881670372-0
INFO:ws_publisher:Fake XADD stream:candles:BTCUSDT:1 id=1760881671479-0
INFO:ws_publisher:Fake XADD stream:candles:ETHUSDT:1 id=1760881671480-0
INFO:ws_publisher:Fake XADD stream:candles:BTCUSDT:1 id=1760881672585-0
INFO:ws_publisher:Fake XADD stream:candles:ETHUSDT:1 id=1760881672586-0
INFO:ws_publisher:Fake XADD stream:candles:BTCUSDT:1 id=1760881673691-0
INFO:ws_publisher:Fake XADD stream:candles:ETHUSDT:1 id=1760881673743-0
INFO:ws_publisher:Fake XADD stream:candles:BTCUSDT:1 id=1760881674849-0
INFO:ws_publisher:Fake XADD stream:candles:ETHUSDT:1 id=1760881674850-0
INFO:ws_publisher:Fake XADD stream:candles:BTCUSDT:1 id=1760881675956-0
INFO:ws_publisher:Fake XADD stream:candles:ETHUSDT:1 id=1760881675957-0
INFO:ws_publisher:Fake XADD stream:candles:BTCUSDT:1 id=1760881677063-0
INFO:ws_publisher:Fake XADD stream:candles:ETHUSDT:1 id=1760881677064-0
INFO:ws_publisher:Fake XADD stream:candles:BTCUSDT:1 id=1760881678168-0
INFO:ws_publisher:Fake XADD stream:candles:ETHUSDT:1 id=1760881678169-0
INFO:ws_publisher:Fake XADD stream:candles:BTCUSDT:1 id=1760881679274-0
INFO:ws_publisher:Fake XADD stream:candles:ETHUSDT:1 id=1760881679275-0
INFO:ws_publisher:Fake publisher heartbeat: running
INFO:ws_publisher:Fake XADD stream:candles:BTCUSDT:1 id=1760881680382-0
INFO:ws_publisher:Fake XADD stream:candles:ETHUSDT:1 id=1760881680382-0
INFO:ws_publisher:Fake XADD stream:candles:BTCUSDT:1 id=1760881681487-0
INFO:ws_publisher:Fake XADD stream:candles:ETHUSDT:1 id=1760881681488-0
INFO:ws_publisher:Fake XADD stream:candles:BTCUSDT:1 id=1760881682595-0
INFO:ws_publisher:Fake XADD stream:candles:ETHUSDT:1 id=1760881682597-0
INFO:ws_publisher:Fake XADD stream:candles:BTCUSDT:1 id=1760881683701-0
INFO:ws_publisher:Fake XADD stream:candles:ETHUSDT:1 id=1760881683702-0
INFO:ws_publisher:Fake XADD stream:candles:BTCUSDT:1 id=1760881684806-0
INFO:ws_publisher:Fake XADD stream:candles:ETHUSDT:1 id=1760881684808-0
INFO:ws_publisher:Fake XADD stream:candles:BTCUSDT:1 id=1760881685912-0
INFO:ws_publisher:Fake XADD stream:candles:ETHUSDT:1 id=1760881685913-0
INFO:ws_publisher:Fake XADD stream:candles:BTCUSDT:1 id=1760881687018-0
INFO:ws_publisher:Fake XADD stream:candles:ETHUSDT:1 id=1760881687019-0
INFO:ws_publisher:Fake XADD stream:candles:BTCUSDT:1 id=1760881688123-0
INFO:ws_publisher:Fake XADD stream:candles:ETHUSDT:1 id=1760881688192-0
INFO:ws_publisher:Fake XADD stream:candles:BTCUSDT:1 id=1760881689296-0
INFO:ws_publisher:Fake XADD stream:candles:ETHUSDT:1 id=1760881689298-0
INFO:ws_publisher:Fake XADD stream:candles:BTCUSDT:1 id=1760881690404-0
INFO:ws_publisher:Fake XADD stream:candles:ETHUSDT:1 id=1760881690405-0
INFO:ws_publisher:Fake XADD stream:candles:BTCUSDT:1 id=1760881691512-0
INFO:ws_publisher:Fake XADD stream:candles:ETHUSDT:1 id=1760881691513-0
INFO:ws_publisher:Fake XADD stream:candles:BTCUSDT:1 id=1760881692621-0
INFO:ws_publisher:Fake XADD stream:candles:ETHUSDT:1 id=1760881692623-0
INFO:ws_publisher:Fake XADD stream:candles:BTCUSDT:1 id=1760881693729-0
INFO:ws_publisher:Fake XADD stream:candles:ETHUSDT:1 id=1760881693731-0
INFO:ws_publisher:Fake XADD stream:candles:BTCUSDT:1 id=1760881694838-0
INFO:ws_publisher:Fake XADD stream:candles:ETHUSDT:1 id=1760881694839-0
INFO:ws_publisher:Fake XADD stream:candles:BTCUSDT:1 id=1760881695945-0
INFO:ws_publisher:Fake XADD stream:candles:ETHUSDT:1 id=1760881695948-0
INFO:ws_publisher:Fake XADD stream:candles:BTCUSDT:1 id=1760881697056-0
INFO:ws_publisher:Fake XADD stream:candles:ETHUSDT:1 id=1760881697057-0
INFO:ws_publisher:Fake XADD stream:candles:BTCUSDT:1 id=1760881698164-0
INFO:ws_publisher:Fake XADD stream:candles:ETHUSDT:1 id=1760881698247-0
INFO:ws_publisher:Fake XADD stream:candles:BTCUSDT:1 id=1760881699354-0
INFO:ws_publisher:Fake XADD stream:candles:ETHUSDT:1 id=1760881699366-0
INFO:ws_publisher:Fake XADD stream:candles:BTCUSDT:1 id=1760881700472-0
INFO:ws_publisher:Fake XADD stream:candles:ETHUSDT:1 id=1760881700473-0
INFO:ws_publisher:Fake XADD stream:candles:BTCUSDT:1 id=1760881701580-0
INFO:ws_publisher:Fake XADD stream:candles:ETHUSDT:1 id=1760881701581-0
INFO:ws_publisher:Fake XADD stream:candles:BTCUSDT:1 id=1760881702685-0
INFO:ws_publisher:Fake XADD stream:candles:ETHUSDT:1 id=1760881702686-0
INFO:ws_publisher:Fake XADD stream:candles:BTCUSDT:1 id=1760881703792-0
INFO:ws_publisher:Fake XADD stream:candles:ETHUSDT:1 id=1760881703793-0
INFO:ws_publisher:Fake XADD stream:candles:BTCUSDT:1 id=1760881704974-0
INFO:ws_publisher:Fake XADD stream:candles:ETHUSDT:1 id=1760881704976-0
INFO:ws_publisher:Fake XADD stream:candles:BTCUSDT:1 id=1760881706081-0
INFO:ws_publisher:Fake XADD stream:candles:ETHUSDT:1 id=1760881706083-0
INFO:ws_publisher:Fake XADD stream:candles:BTCUSDT:1 id=1760881707190-0
INFO:ws_publisher:Fake XADD stream:candles:ETHUSDT:1 id=1760881707191-0
INFO:ws_publisher:Fake XADD stream:candles:BTCUSDT:1 id=1760881708344-0
INFO:ws_publisher:Fake XADD stream:candles:ETHUSDT:1 id=1760881708346-0
INFO:ws_publisher:Fake XADD stream:candles:BTCUSDT:1 id=1760881709451-0
INFO:ws_publisher:Fake XADD stream:candles:ETHUSDT:1 id=1760881709453-0
INFO:ws_publisher:Fake publisher heartbeat: running
INFO:ws_publisher:Fake XADD stream:candles:BTCUSDT:1 id=1760881710560-0
INFO:ws_publisher:Fake XADD stream:candles:ETHUSDT:1 id=1760881710561-0
INFO:ws_publisher:Fake XADD stream:candles:BTCUSDT:1 id=1760881711668-0
INFO:ws_publisher:Fake XADD stream:candles:ETHUSDT:1 id=1760881711669-0
INFO:ws_publisher:Fake XADD stream:candles:BTCUSDT:1 id=1760881712775-0
INFO:ws_publisher:Fake XADD stream:candles:ETHUSDT:1 id=1760881712776-0
INFO:ws_publisher:Fake XADD stream:candles:BTCUSDT:1 id=1760881713883-0
INFO:ws_publisher:Fake XADD stream:candles:ETHUSDT:1 id=1760881713885-0
INFO:ws_publisher:Fake XADD stream:candles:BTCUSDT:1 id=1760881714990-0
INFO:ws_publisher:Fake XADD stream:candles:ETHUSDT:1 id=1760881714992-0
INFO:ws_publisher:Fake XADD stream:candles:BTCUSDT:1 id=1760881716099-0
INFO:ws_publisher:Fake XADD stream:candles:ETHUSDT:1 id=1760881716101-0
INFO:ws_publisher:Fake XADD stream:candles:BTCUSDT:1 id=1760881717209-0
INFO:ws_publisher:Fake XADD stream:candles:ETHUSDT:1 id=1760881717228-0
INFO:ws_publisher:Fake XADD stream:candles:BTCUSDT:1 id=1760881718346-0
INFO:ws_publisher:Fake XADD stream:candles:ETHUSDT:1 id=1760881718348-0
INFO:ws_publisher:Fake XADD stream:candles:BTCUSDT:1 id=1760881719456-0
INFO:ws_publisher:Fake XADD stream:candles:ETHUSDT:1 id=1760881719459-0
INFO:ws_publisher:Fake XADD stream:candles:BTCUSDT:1 id=1760881720567-0
INFO:ws_publisher:Fake XADD stream:candles:ETHUSDT:1 id=1760881720569-0
INFO:ws_publisher:Fake XADD stream:candles:BTCUSDT:1 id=1760881721676-0
INFO:ws_publisher:Fake XADD stream:candles:ETHUSDT:1 id=1760881721677-0
INFO:ws_publisher:Fake XADD stream:candles:BTCUSDT:1 id=1760881722782-0
INFO:ws_publisher:Fake XADD stream:candles:ETHUSDT:1 id=1760881722784-0
INFO:ws_publisher:Fake XADD stream:candles:BTCUSDT:1 id=1760881723890-0
INFO:ws_publisher:Fake XADD stream:candles:ETHUSDT:1 id=1760881723892-0
INFO:ws_publisher:Fake XADD stream:candles:BTCUSDT:1 id=1760881724998-0
INFO:ws_publisher:Fake XADD stream:candles:ETHUSDT:1 id=1760881725000-0
INFO:ws_publisher:Fake XADD stream:candles:BTCUSDT:1 id=1760881726107-0
INFO:ws_publisher:Fake XADD stream:candles:ETHUSDT:1 id=1760881726109-0
INFO:ws_publisher:Fake XADD stream:candles:BTCUSDT:1 id=1760881727215-0
INFO:ws_publisher:Fake XADD stream:candles:ETHUSDT:1 id=1760881727217-0
INFO:ws_publisher:Fake XADD stream:candles:BTCUSDT:1 id=1760881728322-0
INFO:ws_publisher:Fake XADD stream:candles:ETHUSDT:1 id=1760881728323-0
INFO:ws_publisher:Fake XADD stream:candles:BTCUSDT:1 id=1760881729429-0
INFO:ws_publisher:Fake XADD stream:candles:ETHUSDT:1 id=1760881729430-0
INFO:ws_publisher:Fake XADD stream:candles:BTCUSDT:1 id=1760881730536-0
INFO:ws_publisher:Fake XADD stream:candles:ETHUSDT:1 id=1760881730538-0
INFO:ws_publisher:Fake XADD stream:candles:BTCUSDT:1 id=1760881731645-0
INFO:ws_publisher:Fake XADD stream:candles:ETHUSDT:1 id=1760881731646-0
INFO:ws_publisher:Fake XADD stream:candles:BTCUSDT:1 id=1760881732752-0
INFO:ws_publisher:Fake XADD stream:candles:ETHUSDT:1 id=1760881732773-0
INFO:ws_publisher:Fake XADD stream:candles:BTCUSDT:1 id=1760881733878-0
INFO:ws_publisher:Fake XADD stream:candles:ETHUSDT:1 id=1760881733883-0
INFO:ws_publisher:Fake XADD stream:candles:BTCUSDT:1 id=1760881734989-0
INFO:ws_publisher:Fake XADD stream:candles:ETHUSDT:1 id=1760881734991-0
INFO:ws_publisher:Fake XADD stream:candles:BTCUSDT:1 id=1760881736097-0
INFO:ws_publisher:Fake XADD stream:candles:ETHUSDT:1 id=1760881736100-0
INFO:ws_publisher:Fake XADD stream:candles:BTCUSDT:1 id=1760881737207-0
INFO:ws_publisher:Fake XADD stream:candles:ETHUSDT:1 id=1760881737223-0
INFO:ws_publisher:Fake XADD stream:candles:BTCUSDT:1 id=1760881738340-0
INFO:ws_publisher:Fake XADD stream:candles:ETHUSDT:1 id=1760881738346-0
INFO:ws_publisher:Fake XADD stream:candles:BTCUSDT:1 id=1760881739454-0
INFO:ws_publisher:Fake XADD stream:candles:ETHUSDT:1 id=1760881739456-0
INFO:ws_publisher:Fake publisher heartbeat: running
INFO:ws_publisher:Fake XADD stream:candles:BTCUSDT:1 id=1760881740563-0
INFO:ws_publisher:Fake XADD stream:candles:ETHUSDT:1 id=1760881740565-0
INFO:ws_publisher:Fake XADD stream:candles:BTCUSDT:1 id=1760881741671-0
INFO:ws_publisher:Fake XADD stream:candles:ETHUSDT:1 id=1760881741673-0
INFO:ws_publisher:Fake XADD stream:candles:BTCUSDT:1 id=1760881742778-0
INFO:ws_publisher:Fake XADD stream:candles:ETHUSDT:1 id=1760881742779-0
INFO:ws_publisher:Fake XADD stream:candles:BTCUSDT:1 id=1760881743885-0
INFO:ws_publisher:Fake XADD stream:candles:ETHUSDT:1 id=1760881743887-0
INFO:ws_publisher:Fake XADD stream:candles:BTCUSDT:1 id=1760881744992-0
INFO:ws_publisher:Fake XADD stream:candles:ETHUSDT:1 id=1760881744993-0
INFO:ws_publisher:Fake XADD stream:candles:BTCUSDT:1 id=1760881746100-0
INFO:ws_publisher:Fake XADD stream:candles:ETHUSDT:1 id=1760881746101-0
INFO:ws_publisher:Fake XADD stream:candles:BTCUSDT:1 id=1760881747206-0
INFO:ws_publisher:Fake XADD stream:candles:ETHUSDT:1 id=1760881747235-0
INFO:ws_publisher:Fake XADD stream:candles:BTCUSDT:1 id=1760881748339-0
INFO:ws_publisher:Fake XADD stream:candles:ETHUSDT:1 id=1760881748341-0
INFO:ws_publisher:Fake XADD stream:candles:BTCUSDT:1 id=1760881749445-0
INFO:ws_publisher:Fake XADD stream:candles:ETHUSDT:1 id=1760881749446-0
INFO:ws_publisher:Fake XADD stream:candles:BTCUSDT:1 id=1760881750551-0
INFO:ws_publisher:Fake XADD stream:candles:ETHUSDT:1 id=1760881750552-0
INFO:ws_publisher:Fake XADD stream:candles:BTCUSDT:1 id=1760881751657-0
INFO:ws_publisher:Fake XADD stream:candles:ETHUSDT:1 id=1760881751658-0
INFO:ws_publisher:Fake XADD stream:candles:BTCUSDT:1 id=1760881752763-0
INFO:ws_publisher:Fake XADD stream:candles:ETHUSDT:1 id=1760881752764-0
INFO:ws_publisher:Fake XADD stream:candles:BTCUSDT:1 id=1760881753872-0
INFO:ws_publisher:Fake XADD stream:candles:ETHUSDT:1 id=1760881753873-0
INFO:ws_publisher:Fake XADD stream:candles:BTCUSDT:1 id=1760881754978-0
INFO:ws_publisher:Fake XADD stream:candles:ETHUSDT:1 id=1760881754979-0
INFO:ws_publisher:Fake XADD stream:candles:BTCUSDT:1 id=1760881756084-0
INFO:ws_publisher:Fake XADD stream:candles:ETHUSDT:1 id=1760881756085-0
INFO:ws_publisher:Fake XADD stream:candles:BTCUSDT:1 id=1760881757189-0
INFO:ws_publisher:Fake XADD stream:candles:ETHUSDT:1 id=1760881757191-0
INFO:ws_publisher:Fake XADD stream:candles:BTCUSDT:1 id=1760881758294-0
INFO:ws_publisher:Fake XADD stream:candles:ETHUSDT:1 id=1760881758330-0
INFO:ws_publisher:Fake XADD stream:candles:BTCUSDT:1 id=1760881759448-0
INFO:ws_publisher:Fake XADD stream:candles:ETHUSDT:1 id=1760881759449-0
INFO:ws_publisher:Fake XADD stream:candles:BTCUSDT:1 id=1760881760553-0
INFO:ws_publisher:Fake XADD stream:candles:ETHUSDT:1 id=1760881760554-0
INFO:ws_publisher:Fake XADD stream:candles:BTCUSDT:1 id=1760881761661-0
INFO:ws_publisher:Fake XADD stream:candles:ETHUSDT:1 id=1760881761663-0
INFO:ws_publisher:Fake XADD stream:candles:BTCUSDT:1 id=1760881762770-0
INFO:ws_publisher:Fake XADD stream:candles:ETHUSDT:1 id=1760881762772-0
INFO:ws_publisher:Fake XADD stream:candles:BTCUSDT:1 id=1760881763879-0
INFO:ws_publisher:Fake XADD stream:candles:ETHUSDT:1 id=1760881763897-0
INFO:ws_publisher:Fake XADD stream:candles:BTCUSDT:1 id=1760881765004-0
INFO:ws_publisher:Fake XADD stream:candles:ETHUSDT:1 id=1760881765006-0
INFO:ws_publisher:Fake XADD stream:candles:BTCUSDT:1 id=1760881766111-0
INFO:ws_publisher:Fake XADD stream:candles:ETHUSDT:1 id=1760881766112-0
INFO:ws_publisher:Fake XADD stream:candles:BTCUSDT:1 id=1760881767216-0
INFO:ws_publisher:Fake XADD stream:candles:ETHUSDT:1 id=1760881767236-0
INFO:ws_publisher:Fake XADD stream:candles:BTCUSDT:1 id=1760881768341-0
INFO:ws_publisher:Fake XADD stream:candles:ETHUSDT:1 id=1760881768342-0
INFO:ws_publisher:Fake XADD stream:candles:BTCUSDT:1 id=1760881769447-0
INFO:ws_publisher:Fake XADD stream:candles:ETHUSDT:1 id=1760881769449-0
INFO:ws_publisher:Fake publisher heartbeat: running
INFO:ws_publisher:Fake XADD stream:candles:BTCUSDT:1 id=1760881770569-0
INFO:ws_publisher:Fake XADD stream:candles:ETHUSDT:1 id=1760881770571-0
INFO:ws_publisher:Fake XADD stream:candles:BTCUSDT:1 id=1760881771677-0
INFO:ws_publisher:Fake XADD stream:candles:ETHUSDT:1 id=1760881771678-0
INFO:ws_publisher:Fake XADD stream:candles:BTCUSDT:1 id=1760881772785-0
INFO:ws_publisher:Fake XADD stream:candles:ETHUSDT:1 id=1760881772786-0
INFO:ws_publisher:Fake XADD stream:candles:BTCUSDT:1 id=1760881773893-0
INFO:ws_publisher:Fake XADD stream:candles:ETHUSDT:1 id=1760881773896-0
INFO:ws_publisher:Fake XADD stream:candles:BTCUSDT:1 id=1760881775002-0
INFO:ws_publisher:Fake XADD stream:candles:ETHUSDT:1 id=1760881775003-0
INFO:ws_publisher:Fake XADD stream:candles:BTCUSDT:1 id=1760881776108-0
INFO:ws_publisher:Fake XADD stream:candles:ETHUSDT:1 id=1760881776110-0
INFO:ws_publisher:Fake XADD stream:candles:BTCUSDT:1 id=1760881777216-0
INFO:ws_publisher:Fake XADD stream:candles:ETHUSDT:1 id=1760881777226-0
INFO:ws_publisher:Fake XADD stream:candles:BTCUSDT:1 id=1760881778331-0
INFO:ws_publisher:Fake XADD stream:candles:ETHUSDT:1 id=1760881778338-0
INFO:ws_publisher:Fake XADD stream:candles:BTCUSDT:1 id=1760881779445-0
INFO:ws_publisher:Fake XADD stream:candles:ETHUSDT:1 id=1760881779446-0
INFO:ws_publisher:Fake XADD stream:candles:BTCUSDT:1 id=1760881780553-0
INFO:ws_publisher:Fake XADD stream:candles:ETHUSDT:1 id=1760881780556-0
INFO:ws_publisher:Fake XADD stream:candles:BTCUSDT:1 id=1760881781664-0
INFO:ws_publisher:Fake XADD stream:candles:ETHUSDT:1 id=1760881781667-0
INFO:ws_publisher:Fake XADD stream:candles:BTCUSDT:1 id=1760881782775-0
INFO:ws_publisher:Fake XADD stream:candles:ETHUSDT:1 id=1760881782778-0
INFO:ws_publisher:Fake XADD stream:candles:BTCUSDT:1 id=1760881783885-0
INFO:ws_publisher:Fake XADD stream:candles:ETHUSDT:1 id=1760881783888-0
INFO:ws_publisher:Fake XADD stream:candles:BTCUSDT:1 id=1760881784996-0
INFO:ws_publisher:Fake XADD stream:candles:ETHUSDT:1 id=1760881784999-0
INFO:ws_publisher:Fake XADD stream:candles:BTCUSDT:1 id=1760881786106-0
INFO:ws_publisher:Fake XADD stream:candles:ETHUSDT:1 id=1760881786108-0
INFO:ws_publisher:Fake XADD stream:candles:BTCUSDT:1 id=1760881787213-0
INFO:ws_publisher:Fake XADD stream:candles:ETHUSDT:1 id=1760881787214-0
INFO:ws_publisher:Fake XADD stream:candles:BTCUSDT:1 id=1760881788320-0
INFO:ws_publisher:Fake XADD stream:candles:ETHUSDT:1 id=1760881788345-0
INFO:ws_publisher:Fake XADD stream:candles:BTCUSDT:1 id=1760881789454-0
INFO:ws_publisher:Fake XADD stream:candles:ETHUSDT:1 id=1760881789456-0
INFO:ws_publisher:Fake XADD stream:candles:BTCUSDT:1 id=1760881790563-0
INFO:ws_publisher:Fake XADD stream:candles:ETHUSDT:1 id=1760881790565-0
INFO:ws_publisher:Fake XADD stream:candles:BTCUSDT:1 id=1760881791672-0
INFO:ws_publisher:Fake XADD stream:candles:ETHUSDT:1 id=1760881791674-0
INFO:ws_publisher:Fake XADD stream:candles:BTCUSDT:1 id=1760881792780-0
INFO:ws_publisher:Fake XADD stream:candles:ETHUSDT:1 id=1760881792782-0
INFO:ws_publisher:Fake XADD stream:candles:BTCUSDT:1 id=1760881793887-0
INFO:ws_publisher:Fake XADD stream:candles:ETHUSDT:1 id=1760881793901-0
INFO:ws_publisher:Fake XADD stream:candles:BTCUSDT:1 id=1760881795008-0
INFO:ws_publisher:Fake XADD stream:candles:ETHUSDT:1 id=1760881795011-0
INFO:ws_publisher:Fake XADD stream:candles:BTCUSDT:1 id=1760881796119-0
INFO:ws_publisher:Fake XADD stream:candles:ETHUSDT:1 id=1760881796123-0
INFO:ws_publisher:Fake XADD stream:candles:BTCUSDT:1 id=1760881797231-0
INFO:ws_publisher:Fake XADD stream:candles:ETHUSDT:1 id=1760881797233-0
INFO:ws_publisher:Fake XADD stream:candles:BTCUSDT:1 id=1760881798342-0
INFO:ws_publisher:Fake XADD stream:candles:ETHUSDT:1 id=1760881798345-0
INFO:ws_publisher:Fake XADD stream:candles:BTCUSDT:1 id=1760881799452-0
INFO:ws_publisher:Fake XADD stream:candles:ETHUSDT:1 id=1760881799454-0
INFO:ws_publisher:Fake publisher heartbeat: running
INFO:ws_publisher:Fake XADD stream:candles:BTCUSDT:1 id=1760881800562-0
INFO:ws_publisher:Fake XADD stream:candles:ETHUSDT:1 id=1760881800564-0
INFO:ws_publisher:Fake XADD stream:candles:BTCUSDT:1 id=1760881801671-0
INFO:ws_publisher:Fake XADD stream:candles:ETHUSDT:1 id=1760881801675-0
INFO:ws_publisher:Fake XADD stream:candles:BTCUSDT:1 id=1760881802780-0
INFO:ws_publisher:Fake XADD stream:candles:ETHUSDT:1 id=1760881802781-0
INFO:ws_publisher:Fake XADD stream:candles:BTCUSDT:1 id=1760881803887-0
INFO:ws_publisher:Fake XADD stream:candles:ETHUSDT:1 id=1760881803891-0
INFO:ws_publisher:Fake XADD stream:candles:BTCUSDT:1 id=1760881804999-0
INFO:ws_publisher:Fake XADD stream:candles:ETHUSDT:1 id=1760881805021-0
INFO:ws_publisher:Fake XADD stream:candles:BTCUSDT:1 id=1760881806131-0
INFO:ws_publisher:Fake XADD stream:candles:ETHUSDT:1 id=1760881806134-0
INFO:ws_publisher:Fake XADD stream:candles:BTCUSDT:1 id=1760881807347-0
INFO:ws_publisher:Fake XADD stream:candles:ETHUSDT:1 id=1760881807350-0
INFO:ws_publisher:Fake XADD stream:candles:BTCUSDT:1 id=1760881808459-0
INFO:ws_publisher:Fake XADD stream:candles:ETHUSDT:1 id=1760881808462-0
INFO:ws_publisher:Fake XADD stream:candles:BTCUSDT:1 id=1760881809569-0
INFO:ws_publisher:Fake XADD stream:candles:ETHUSDT:1 id=1760881809572-0
INFO:ws_publisher:Fake XADD stream:candles:BTCUSDT:1 id=1760881810680-0
INFO:ws_publisher:Fake XADD stream:candles:ETHUSDT:1 id=1760881810682-0
INFO:ws_publisher:Fake XADD stream:candles:BTCUSDT:1 id=1760881811790-0
INFO:ws_publisher:Fake XADD stream:candles:ETHUSDT:1 id=1760881811793-0
INFO:ws_publisher:Fake XADD stream:candles:BTCUSDT:1 id=1760881812902-0
INFO:ws_publisher:Fake XADD stream:candles:ETHUSDT:1 id=1760881812905-0
INFO:ws_publisher:Fake XADD stream:candles:BTCUSDT:1 id=1760881814012-0
INFO:ws_publisher:Fake XADD stream:candles:ETHUSDT:1 id=1760881814016-0
INFO:ws_publisher:Fake XADD stream:candles:BTCUSDT:1 id=1760881815124-0
INFO:ws_publisher:Fake XADD stream:candles:ETHUSDT:1 id=1760881815127-0
INFO:ws_publisher:Fake XADD stream:candles:BTCUSDT:1 id=1760881816234-0
INFO:ws_publisher:Fake XADD stream:candles:ETHUSDT:1 id=1760881816238-0
INFO:ws_publisher:Fake XADD stream:candles:BTCUSDT:1 id=1760881817392-0
INFO:ws_publisher:Fake XADD stream:candles:ETHUSDT:1 id=1760881817395-0
INFO:ws_publisher:Fake XADD stream:candles:BTCUSDT:1 id=1760881818502-0
INFO:ws_publisher:Fake XADD stream:candles:ETHUSDT:1 id=1760881818505-0
INFO:ws_publisher:Fake XADD stream:candles:BTCUSDT:1 id=1760881819616-0
INFO:ws_publisher:Fake XADD stream:candles:ETHUSDT:1 id=1760881819619-0
INFO:ws_publisher:Fake XADD stream:candles:BTCUSDT:1 id=1760881820728-0
INFO:ws_publisher:Fake XADD stream:candles:ETHUSDT:1 id=1760881820732-0
INFO:ws_publisher:Fake XADD stream:candles:BTCUSDT:1 id=1760881821840-0
INFO:ws_publisher:Fake XADD stream:candles:ETHUSDT:1 id=1760881821842-0
INFO:ws_publisher:Fake XADD stream:candles:BTCUSDT:1 id=1760881822950-0
INFO:ws_publisher:Fake XADD stream:candles:ETHUSDT:1 id=1760881822953-0
INFO:ws_publisher:Fake XADD stream:candles:BTCUSDT:1 id=1760881824060-0
INFO:ws_publisher:Fake XADD stream:candles:ETHUSDT:1 id=1760881824061-0
INFO:ws_publisher:Fake XADD stream:candles:BTCUSDT:1 id=1760881825168-0
INFO:ws_publisher:Fake XADD stream:candles:ETHUSDT:1 id=1760881825235-0
INFO:ws_publisher:Fake XADD stream:candles:BTCUSDT:1 id=1760881826342-0
INFO:ws_publisher:Fake XADD stream:candles:ETHUSDT:1 id=1760881826345-0
INFO:ws_publisher:Fake XADD stream:candles:BTCUSDT:1 id=1760881827451-0
INFO:ws_publisher:Fake XADD stream:candles:ETHUSDT:1 id=1760881827453-0
INFO:ws_publisher:Fake XADD stream:candles:BTCUSDT:1 id=1760881828561-0
INFO:ws_publisher:Fake XADD stream:candles:ETHUSDT:1 id=1760881828564-0
INFO:ws_publisher:Fake XADD stream:candles:BTCUSDT:1 id=1760881829670-0
INFO:ws_publisher:Fake XADD stream:candles:ETHUSDT:1 id=1760881829671-0
INFO:ws_publisher:Fake publisher heartbeat: running
INFO:ws_publisher:Fake XADD stream:candles:BTCUSDT:1 id=1760881830780-0
INFO:ws_publisher:Fake XADD stream:candles:ETHUSDT:1 id=1760881830783-0
INFO:ws_publisher:Fake XADD stream:candles:BTCUSDT:1 id=1760881831891-0
INFO:ws_publisher:Fake XADD stream:candles:ETHUSDT:1 id=1760881831894-0
INFO:ws_publisher:Fake XADD stream:candles:BTCUSDT:1 id=1760881833000-0
INFO:ws_publisher:Fake XADD stream:candles:ETHUSDT:1 id=1760881833003-0
INFO:ws_publisher:Fake XADD stream:candles:BTCUSDT:1 id=1760881834112-0
INFO:ws_publisher:Fake XADD stream:candles:ETHUSDT:1 id=1760881834116-0
INFO:ws_publisher:Fake XADD stream:candles:BTCUSDT:1 id=1760881835224-0
INFO:ws_publisher:Fake XADD stream:candles:ETHUSDT:1 id=1760881835228-0
INFO:ws_publisher:Fake XADD stream:candles:BTCUSDT:1 id=1760881836335-0
INFO:ws_publisher:Fake XADD stream:candles:ETHUSDT:1 id=1760881836338-0
INFO:ws_publisher:Fake XADD stream:candles:BTCUSDT:1 id=1760881837444-0
INFO:ws_publisher:Fake XADD stream:candles:ETHUSDT:1 id=1760881837446-0
INFO:ws_publisher:Fake XADD stream:candles:BTCUSDT:1 id=1760881838554-0
INFO:ws_publisher:Fake XADD stream:candles:ETHUSDT:1 id=1760881838557-0
INFO:ws_publisher:Fake XADD stream:candles:BTCUSDT:1 id=1760881839663-0
INFO:ws_publisher:Fake XADD stream:candles:ETHUSDT:1 id=1760881839665-0
INFO:ws_publisher:Fake XADD stream:candles:BTCUSDT:1 id=1760881840772-0
INFO:ws_publisher:Fake XADD stream:candles:ETHUSDT:1 id=1760881840775-0
INFO:ws_publisher:Fake XADD stream:candles:BTCUSDT:1 id=1760881841880-0
INFO:ws_publisher:Fake XADD stream:candles:ETHUSDT:1 id=1760881841882-0
INFO:ws_publisher:Fake XADD stream:candles:BTCUSDT:1 id=1760881842989-0
INFO:ws_publisher:Fake XADD stream:candles:ETHUSDT:1 id=1760881842992-0
INFO:ws_publisher:Fake XADD stream:candles:BTCUSDT:1 id=1760881844100-0
INFO:ws_publisher:Fake XADD stream:candles:ETHUSDT:1 id=1760881844105-0
INFO:ws_publisher:Fake XADD stream:candles:BTCUSDT:1 id=1760881845212-0
INFO:ws_publisher:Fake XADD stream:candles:ETHUSDT:1 id=1760881845225-0
INFO:ws_publisher:Fake XADD stream:candles:BTCUSDT:1 id=1760881846334-0
INFO:ws_publisher:Fake XADD stream:candles:ETHUSDT:1 id=1760881846350-0
INFO:ws_publisher:Fake XADD stream:candles:BTCUSDT:1 id=1760881847459-0
INFO:ws_publisher:Fake XADD stream:candles:ETHUSDT:1 id=1760881847462-0
INFO:ws_publisher:Fake XADD stream:candles:BTCUSDT:1 id=1760881848568-0
INFO:ws_publisher:Fake XADD stream:candles:ETHUSDT:1 id=1760881848569-0
INFO:ws_publisher:Fake XADD stream:candles:BTCUSDT:1 id=1760881849677-0
INFO:ws_publisher:Fake XADD stream:candles:ETHUSDT:1 id=1760881849678-0
INFO:ws_publisher:Fake XADD stream:candles:BTCUSDT:1 id=1760881850786-0
INFO:ws_publisher:Fake XADD stream:candles:ETHUSDT:1 id=1760881850788-0
INFO:ws_publisher:Fake XADD stream:candles:BTCUSDT:1 id=1760881851893-0
INFO:ws_publisher:Fake XADD stream:candles:ETHUSDT:1 id=1760881851894-0
INFO:ws_publisher:Fake XADD stream:candles:BTCUSDT:1 id=1760881852998-0
INFO:ws_publisher:Fake XADD stream:candles:ETHUSDT:1 id=1760881852999-0
INFO:ws_publisher:Fake XADD stream:candles:BTCUSDT:1 id=1760881854104-0
INFO:ws_publisher:Fake XADD stream:candles:ETHUSDT:1 id=1760881854105-0
INFO:ws_publisher:Fake XADD stream:candles:BTCUSDT:1 id=1760881855210-0
INFO:ws_publisher:Fake XADD stream:candles:ETHUSDT:1 id=1760881855228-0
INFO:ws_publisher:Fake XADD stream:candles:BTCUSDT:1 id=1760881856333-0
INFO:ws_publisher:Fake XADD stream:candles:ETHUSDT:1 id=1760881856350-0
INFO:ws_publisher:Fake XADD stream:candles:BTCUSDT:1 id=1760881857457-0
INFO:ws_publisher:Fake XADD stream:candles:ETHUSDT:1 id=1760881857458-0
INFO:ws_publisher:Fake XADD stream:candles:BTCUSDT:1 id=1760881858566-0
INFO:ws_publisher:Fake XADD stream:candles:ETHUSDT:1 id=1760881858568-0
INFO:ws_publisher:Fake XADD stream:candles:BTCUSDT:1 id=1760881859674-0
INFO:ws_publisher:Fake XADD stream:candles:ETHUSDT:1 id=1760881859676-0
INFO:ws_publisher:Fake publisher heartbeat: running
INFO:ws_publisher:Fake XADD stream:candles:BTCUSDT:1 id=1760881860784-0
INFO:ws_publisher:Fake XADD stream:candles:ETHUSDT:1 id=1760881860786-0
INFO:ws_publisher:Fake XADD stream:candles:BTCUSDT:1 id=1760881861892-0
INFO:ws_publisher:Fake XADD stream:candles:ETHUSDT:1 id=1760881861894-0
INFO:ws_publisher:Fake XADD stream:candles:BTCUSDT:1 id=1760881863001-0
INFO:ws_publisher:Fake XADD stream:candles:ETHUSDT:1 id=1760881863003-0
INFO:ws_publisher:Fake XADD stream:candles:BTCUSDT:1 id=1760881864109-0
INFO:ws_publisher:Fake XADD stream:candles:ETHUSDT:1 id=1760881864129-0
INFO:ws_publisher:Fake XADD stream:candles:BTCUSDT:1 id=1760881865234-0
INFO:ws_publisher:Fake XADD stream:candles:ETHUSDT:1 id=1760881865235-0
INFO:ws_publisher:Fake XADD stream:candles:BTCUSDT:1 id=1760881866340-0
INFO:ws_publisher:Fake XADD stream:candles:ETHUSDT:1 id=1760881866341-0
INFO:ws_publisher:Fake XADD stream:candles:BTCUSDT:1 id=1760881867446-0
INFO:ws_publisher:Fake XADD stream:candles:ETHUSDT:1 id=1760881867448-0
INFO:ws_publisher:Fake XADD stream:candles:BTCUSDT:1 id=1760881868553-0
INFO:ws_publisher:Fake XADD stream:candles:ETHUSDT:1 id=1760881868555-0
INFO:ws_publisher:Fake XADD stream:candles:BTCUSDT:1 id=1760881869659-0
INFO:ws_publisher:Fake XADD stream:candles:ETHUSDT:1 id=1760881869660-0
INFO:ws_publisher:Fake XADD stream:candles:BTCUSDT:1 id=1760881870765-0
INFO:ws_publisher:Fake XADD stream:candles:ETHUSDT:1 id=1760881870767-0
INFO:ws_publisher:Fake XADD stream:candles:BTCUSDT:1 id=1760881871871-0
INFO:ws_publisher:Fake XADD stream:candles:ETHUSDT:1 id=1760881871873-0
INFO:ws_publisher:Fake XADD stream:candles:BTCUSDT:1 id=1760881872979-0
INFO:ws_publisher:Fake XADD stream:candles:ETHUSDT:1 id=1760881872980-0
INFO:ws_publisher:Fake XADD stream:candles:BTCUSDT:1 id=1760881874084-0
INFO:ws_publisher:Fake XADD stream:candles:ETHUSDT:1 id=1760881874085-0
INFO:ws_publisher:Fake XADD stream:candles:BTCUSDT:1 id=1760881875191-0
INFO:ws_publisher:Fake XADD stream:candles:ETHUSDT:1 id=1760881875193-0
INFO:ws_publisher:Fake XADD stream:candles:BTCUSDT:1 id=1760881876334-0
INFO:ws_publisher:Fake XADD stream:candles:ETHUSDT:1 id=1760881876345-0
INFO:ws_publisher:Fake XADD stream:candles:BTCUSDT:1 id=1760881877451-0
INFO:ws_publisher:Fake XADD stream:candles:ETHUSDT:1 id=1760881877453-0
INFO:ws_publisher:Fake XADD stream:candles:BTCUSDT:1 id=1760881878559-0
INFO:ws_publisher:Fake XADD stream:candles:ETHUSDT:1 id=1760881878560-0
INFO:ws_publisher:Fake XADD stream:candles:BTCUSDT:1 id=1760881879666-0
INFO:ws_publisher:Fake XADD stream:candles:ETHUSDT:1 id=1760881879667-0
INFO:ws_publisher:Fake XADD stream:candles:BTCUSDT:1 id=1760881880772-0
INFO:ws_publisher:Fake XADD stream:candles:ETHUSDT:1 id=1760881880773-0
INFO:ws_publisher:Fake XADD stream:candles:BTCUSDT:1 id=1760881881878-0
INFO:ws_publisher:Fake XADD stream:candles:ETHUSDT:1 id=1760881881879-0
INFO:ws_publisher:Fake XADD stream:candles:BTCUSDT:1 id=1760881882985-0
INFO:ws_publisher:Fake XADD stream:candles:ETHUSDT:1 id=1760881882987-0
INFO:ws_publisher:Fake XADD stream:candles:BTCUSDT:1 id=1760881884095-0
INFO:ws_publisher:Fake XADD stream:candles:ETHUSDT:1 id=1760881884097-0
INFO:ws_publisher:Fake XADD stream:candles:BTCUSDT:1 id=1760881885202-0
INFO:ws_publisher:Fake XADD stream:candles:ETHUSDT:1 id=1760881885204-0
INFO:ws_publisher:Fake XADD stream:candles:BTCUSDT:1 id=1760881886311-0
INFO:ws_publisher:Fake XADD stream:candles:ETHUSDT:1 id=1760881886312-0
INFO:ws_publisher:Fake XADD stream:candles:BTCUSDT:1 id=1760881887419-0
INFO:ws_publisher:Fake XADD stream:candles:ETHUSDT:1 id=1760881887421-0
INFO:ws_publisher:Fake XADD stream:candles:BTCUSDT:1 id=1760881888528-0
INFO:ws_publisher:Fake XADD stream:candles:ETHUSDT:1 id=1760881888532-0
INFO:ws_publisher:Fake XADD stream:candles:BTCUSDT:1 id=1760881889640-0
INFO:ws_publisher:Fake XADD stream:candles:ETHUSDT:1 id=1760881889643-0
INFO:ws_publisher:Fake publisher heartbeat: running
INFO:ws_publisher:Fake XADD stream:candles:BTCUSDT:1 id=1760881890751-0
INFO:ws_publisher:Fake XADD stream:candles:ETHUSDT:1 id=1760881890752-0
INFO:ws_publisher:Fake XADD stream:candles:BTCUSDT:1 id=1760881891858-0
INFO:ws_publisher:Fake XADD stream:candles:ETHUSDT:1 id=1760881891861-0
INFO:ws_publisher:Fake XADD stream:candles:BTCUSDT:1 id=1760881892966-0
INFO:ws_publisher:Fake XADD stream:candles:ETHUSDT:1 id=1760881892967-0
INFO:ws_publisher:Fake XADD stream:candles:BTCUSDT:1 id=1760881894074-0
INFO:ws_publisher:Fake XADD stream:candles:ETHUSDT:1 id=1760881894076-0
INFO:ws_publisher:Fake XADD stream:candles:BTCUSDT:1 id=1760881895182-0
INFO:ws_publisher:Fake XADD stream:candles:ETHUSDT:1 id=1760881895184-0
INFO:ws_publisher:Fake XADD stream:candles:BTCUSDT:1 id=1760881896291-0
INFO:ws_publisher:Fake XADD stream:candles:ETHUSDT:1 id=1760881896294-0
INFO:ws_publisher:Fake XADD stream:candles:BTCUSDT:1 id=1760881897402-0
INFO:ws_publisher:Fake XADD stream:candles:ETHUSDT:1 id=1760881897406-0
INFO:ws_publisher:Fake XADD stream:candles:BTCUSDT:1 id=1760881898512-0
INFO:ws_publisher:Fake XADD stream:candles:ETHUSDT:1 id=1760881898515-0
INFO:ws_publisher:Fake XADD stream:candles:BTCUSDT:1 id=1760881899622-0
INFO:ws_publisher:Fake XADD stream:candles:ETHUSDT:1 id=1760881899625-0
INFO:ws_publisher:Fake XADD stream:candles:BTCUSDT:1 id=1760881900732-0
INFO:ws_publisher:Fake XADD stream:candles:ETHUSDT:1 id=1760881900734-0
INFO:ws_publisher:Fake XADD stream:candles:BTCUSDT:1 id=1760881901842-0
INFO:ws_publisher:Fake XADD stream:candles:ETHUSDT:1 id=1760881901845-0
INFO:ws_publisher:Fake XADD stream:candles:BTCUSDT:1 id=1760881902952-0
INFO:ws_publisher:Fake XADD stream:candles:ETHUSDT:1 id=1760881902953-0
INFO:ws_publisher:Fake XADD stream:candles:BTCUSDT:1 id=1760881904058-0
INFO:ws_publisher:Fake XADD stream:candles:ETHUSDT:1 id=1760881904060-0
INFO:ws_publisher:Fake XADD stream:candles:BTCUSDT:1 id=1760881905168-0
INFO:ws_publisher:Fake XADD stream:candles:ETHUSDT:1 id=1760881905171-0
INFO:ws_publisher:Fake XADD stream:candles:BTCUSDT:1 id=1760881906348-0
INFO:ws_publisher:Fake XADD stream:candles:ETHUSDT:1 id=1760881906351-0
INFO:ws_publisher:Fake XADD stream:candles:BTCUSDT:1 id=1760881907459-0
INFO:ws_publisher:Fake XADD stream:candles:ETHUSDT:1 id=1760881907460-0
INFO:ws_publisher:Fake XADD stream:candles:BTCUSDT:1 id=1760881908566-0
INFO:ws_publisher:Fake XADD stream:candles:ETHUSDT:1 id=1760881908569-0
INFO:ws_publisher:Fake XADD stream:candles:BTCUSDT:1 id=1760881909677-0
INFO:ws_publisher:Fake XADD stream:candles:ETHUSDT:1 id=1760881909679-0
INFO:ws_publisher:Fake XADD stream:candles:BTCUSDT:1 id=1760881910783-0
INFO:ws_publisher:Fake XADD stream:candles:ETHUSDT:1 id=1760881910784-0
INFO:ws_publisher:Fake XADD stream:candles:BTCUSDT:1 id=1760881911889-0
INFO:ws_publisher:Fake XADD stream:candles:ETHUSDT:1 id=1760881911890-0
INFO:ws_publisher:Fake XADD stream:candles:BTCUSDT:1 id=1760881912996-0
INFO:ws_publisher:Fake XADD stream:candles:ETHUSDT:1 id=1760881912997-0
INFO:ws_publisher:Fake XADD stream:candles:BTCUSDT:1 id=1760881914101-0
INFO:ws_publisher:Fake XADD stream:candles:ETHUSDT:1 id=1760881914103-0
INFO:ws_publisher:Fake XADD stream:candles:BTCUSDT:1 id=1760881915208-0
INFO:ws_publisher:Fake XADD stream:candles:ETHUSDT:1 id=1760881915210-0
INFO:ws_publisher:Fake XADD stream:candles:BTCUSDT:1 id=1760881916319-0
INFO:ws_publisher:Fake XADD stream:candles:ETHUSDT:1 id=1760881916322-0
INFO:ws_publisher:Fake XADD stream:candles:BTCUSDT:1 id=1760881917429-0
INFO:ws_publisher:Fake XADD stream:candles:ETHUSDT:1 id=1760881917431-0
INFO:ws_publisher:Fake XADD stream:candles:BTCUSDT:1 id=1760881918538-0
INFO:ws_publisher:Fake XADD stream:candles:ETHUSDT:1 id=1760881918540-0
INFO:ws_publisher:Fake XADD stream:candles:BTCUSDT:1 id=1760881919646-0
INFO:ws_publisher:Fake XADD stream:candles:ETHUSDT:1 id=1760881919647-0
INFO:ws_publisher:Fake publisher heartbeat: running
INFO:ws_publisher:Fake XADD stream:candles:BTCUSDT:1 id=1760881920757-0
INFO:ws_publisher:Fake XADD stream:candles:ETHUSDT:1 id=1760881920760-0
INFO:ws_publisher:Fake XADD stream:candles:BTCUSDT:1 id=1760881921867-0
INFO:ws_publisher:Fake XADD stream:candles:ETHUSDT:1 id=1760881921869-0
INFO:ws_publisher:Fake XADD stream:candles:BTCUSDT:1 id=1760881922975-0
INFO:ws_publisher:Fake XADD stream:candles:ETHUSDT:1 id=1760881922978-0
INFO:ws_publisher:Fake XADD stream:candles:BTCUSDT:1 id=1760881924086-0
INFO:ws_publisher:Fake XADD stream:candles:ETHUSDT:1 id=1760881924087-0
INFO:ws_publisher:Fake XADD stream:candles:BTCUSDT:1 id=1760881925193-0
INFO:ws_publisher:Fake XADD stream:candles:ETHUSDT:1 id=1760881925194-0
INFO:ws_publisher:Fake XADD stream:candles:BTCUSDT:1 id=1760881926301-0
INFO:ws_publisher:Fake XADD stream:candles:ETHUSDT:1 id=1760881926303-0
INFO:ws_publisher:Fake XADD stream:candles:BTCUSDT:1 id=1760881927411-0
INFO:ws_publisher:Fake XADD stream:candles:ETHUSDT:1 id=1760881927414-0
INFO:ws_publisher:Fake XADD stream:candles:BTCUSDT:1 id=1760881928523-0
INFO:ws_publisher:Fake XADD stream:candles:ETHUSDT:1 id=1760881928525-0
INFO:ws_publisher:Fake XADD stream:candles:BTCUSDT:1 id=1760881929633-0
INFO:ws_publisher:Fake XADD stream:candles:ETHUSDT:1 id=1760881929634-0
INFO:ws_publisher:Fake XADD stream:candles:BTCUSDT:1 id=1760881930740-0
INFO:ws_publisher:Fake XADD stream:candles:ETHUSDT:1 id=1760881930744-0
INFO:ws_publisher:Fake XADD stream:candles:BTCUSDT:1 id=1760881931851-0
INFO:ws_publisher:Fake XADD stream:candles:ETHUSDT:1 id=1760881931854-0
INFO:ws_publisher:Fake XADD stream:candles:BTCUSDT:1 id=1760881932963-0
INFO:ws_publisher:Fake XADD stream:candles:ETHUSDT:1 id=1760881932966-0
INFO:ws_publisher:Fake XADD stream:candles:BTCUSDT:1 id=1760881934073-0
INFO:ws_publisher:Fake XADD stream:candles:ETHUSDT:1 id=1760881934077-0
INFO:ws_publisher:Fake XADD stream:candles:BTCUSDT:1 id=1760881935186-0
INFO:ws_publisher:Fake XADD stream:candles:ETHUSDT:1 id=1760881935260-0
INFO:ws_publisher:Fake XADD stream:candles:BTCUSDT:1 id=1760881936368-0
INFO:ws_publisher:Fake XADD stream:candles:ETHUSDT:1 id=1760881936372-0
INFO:ws_publisher:Fake XADD stream:candles:BTCUSDT:1 id=1760881937480-0
INFO:ws_publisher:Fake XADD stream:candles:ETHUSDT:1 id=1760881937483-0
INFO:ws_publisher:Fake XADD stream:candles:BTCUSDT:1 id=1760881938590-0
INFO:ws_publisher:Fake XADD stream:candles:ETHUSDT:1 id=1760881938609-0
INFO:ws_publisher:Fake XADD stream:candles:BTCUSDT:1 id=1760881939717-0
INFO:ws_publisher:Fake XADD stream:candles:ETHUSDT:1 id=1760881939718-0
INFO:ws_publisher:Fake XADD stream:candles:BTCUSDT:1 id=1760881940826-0
INFO:ws_publisher:Fake XADD stream:candles:ETHUSDT:1 id=1760881940829-0
INFO:ws_publisher:Fake XADD stream:candles:BTCUSDT:1 id=1760881941936-0
INFO:ws_publisher:Fake XADD stream:candles:ETHUSDT:1 id=1760881941938-0
INFO:ws_publisher:Fake XADD stream:candles:BTCUSDT:1 id=1760881943045-0
INFO:ws_publisher:Fake XADD stream:candles:ETHUSDT:1 id=1760881943046-0
INFO:ws_publisher:Fake XADD stream:candles:BTCUSDT:1 id=1760881944153-0
INFO:ws_publisher:Fake XADD stream:candles:ETHUSDT:1 id=1760881944154-0
INFO:ws_publisher:Fake XADD stream:candles:BTCUSDT:1 id=1760881945260-0
INFO:ws_publisher:Fake XADD stream:candles:ETHUSDT:1 id=1760881945262-0
INFO:ws_publisher:Fake XADD stream:candles:BTCUSDT:1 id=1760881946367-0
INFO:ws_publisher:Fake XADD stream:candles:ETHUSDT:1 id=1760881946370-0
INFO:ws_publisher:Fake XADD stream:candles:BTCUSDT:1 id=1760881947475-0
INFO:ws_publisher:Fake XADD stream:candles:ETHUSDT:1 id=1760881947477-0
INFO:ws_publisher:Fake XADD stream:candles:BTCUSDT:1 id=1760881948583-0
INFO:ws_publisher:Fake XADD stream:candles:ETHUSDT:1 id=1760881948585-0
INFO:ws_publisher:Fake XADD stream:candles:BTCUSDT:1 id=1760881949693-0
INFO:ws_publisher:Fake XADD stream:candles:ETHUSDT:1 id=1760881949696-0
INFO:ws_publisher:Fake publisher heartbeat: running
INFO:ws_publisher:Fake XADD stream:candles:BTCUSDT:1 id=1760881950804-0
INFO:ws_publisher:Fake XADD stream:candles:ETHUSDT:1 id=1760881950806-0
INFO:ws_publisher:Fake XADD stream:candles:BTCUSDT:1 id=1760881951912-0
INFO:ws_publisher:Fake XADD stream:candles:ETHUSDT:1 id=1760881951915-0
INFO:ws_publisher:Fake XADD stream:candles:BTCUSDT:1 id=1760881953021-0
INFO:ws_publisher:Fake XADD stream:candles:ETHUSDT:1 id=1760881953022-0
INFO:ws_publisher:Fake XADD stream:candles:BTCUSDT:1 id=1760881954127-0
INFO:ws_publisher:Fake XADD stream:candles:ETHUSDT:1 id=1760881954128-0
INFO:ws_publisher:Fake XADD stream:candles:BTCUSDT:1 id=1760881955233-0
INFO:ws_publisher:Fake XADD stream:candles:ETHUSDT:1 id=1760881955234-0
INFO:ws_publisher:Fake XADD stream:candles:BTCUSDT:1 id=1760881956339-0
INFO:ws_publisher:Fake XADD stream:candles:ETHUSDT:1 id=1760881956344-0
INFO:ws_publisher:Fake XADD stream:candles:BTCUSDT:1 id=1760881957450-0
INFO:ws_publisher:Fake XADD stream:candles:ETHUSDT:1 id=1760881957452-0
INFO:ws_publisher:Fake XADD stream:candles:BTCUSDT:1 id=1760881958558-0
INFO:ws_publisher:Fake XADD stream:candles:ETHUSDT:1 id=1760881958559-0
INFO:ws_publisher:Fake XADD stream:candles:BTCUSDT:1 id=1760881959667-0
INFO:ws_publisher:Fake XADD stream:candles:ETHUSDT:1 id=1760881959669-0
INFO:ws_publisher:Fake XADD stream:candles:BTCUSDT:1 id=1760881960776-0
INFO:ws_publisher:Fake XADD stream:candles:ETHUSDT:1 id=1760881960777-0
INFO:ws_publisher:Fake XADD stream:candles:BTCUSDT:1 id=1760881961884-0
INFO:ws_publisher:Fake XADD stream:candles:ETHUSDT:1 id=1760881961886-0
INFO:ws_publisher:Fake XADD stream:candles:BTCUSDT:1 id=1760881962992-0
INFO:ws_publisher:Fake XADD stream:candles:ETHUSDT:1 id=1760881962994-0
INFO:ws_publisher:Fake XADD stream:candles:BTCUSDT:1 id=1760881964101-0
INFO:ws_publisher:Fake XADD stream:candles:ETHUSDT:1 id=1760881964102-0
INFO:ws_publisher:Fake XADD stream:candles:BTCUSDT:1 id=1760881965209-0
INFO:ws_publisher:Fake XADD stream:candles:ETHUSDT:1 id=1760881965211-0
INFO:ws_publisher:Fake XADD stream:candles:BTCUSDT:1 id=1760881966378-0
INFO:ws_publisher:Fake XADD stream:candles:ETHUSDT:1 id=1760881966379-0
INFO:ws_publisher:Fake XADD stream:candles:BTCUSDT:1 id=1760881967485-0
INFO:ws_publisher:Fake XADD stream:candles:ETHUSDT:1 id=1760881967486-0
INFO:ws_publisher:Fake XADD stream:candles:BTCUSDT:1 id=1760881968592-0
INFO:ws_publisher:Fake XADD stream:candles:ETHUSDT:1 id=1760881968593-0
INFO:ws_publisher:Fake XADD stream:candles:BTCUSDT:1 id=1760881969698-0
INFO:ws_publisher:Fake XADD stream:candles:ETHUSDT:1 id=1760881969699-0
INFO:ws_publisher:Fake XADD stream:candles:BTCUSDT:1 id=1760881970806-0
INFO:ws_publisher:Fake XADD stream:candles:ETHUSDT:1 id=1760881970808-0
INFO:ws_publisher:Fake XADD stream:candles:BTCUSDT:1 id=1760881971914-0
INFO:ws_publisher:Fake XADD stream:candles:ETHUSDT:1 id=1760881971918-0
INFO:ws_publisher:Fake XADD stream:candles:BTCUSDT:1 id=1760881973023-0
INFO:ws_publisher:Fake XADD stream:candles:ETHUSDT:1 id=1760881973024-0
INFO:ws_publisher:Fake XADD stream:candles:BTCUSDT:1 id=1760881974129-0
INFO:ws_publisher:Fake XADD stream:candles:ETHUSDT:1 id=1760881974134-0
INFO:ws_publisher:Fake XADD stream:candles:BTCUSDT:1 id=1760881975238-0
INFO:ws_publisher:Fake XADD stream:candles:ETHUSDT:1 id=1760881975240-0
INFO:ws_publisher:Fake XADD stream:candles:BTCUSDT:1 id=1760881976344-0
INFO:ws_publisher:Fake XADD stream:candles:ETHUSDT:1 id=1760881976346-0
INFO:ws_publisher:Fake XADD stream:candles:BTCUSDT:1 id=1760881977450-0
INFO:ws_publisher:Fake XADD stream:candles:ETHUSDT:1 id=1760881977452-0
INFO:ws_publisher:Fake XADD stream:candles:BTCUSDT:1 id=1760881978557-0
INFO:ws_publisher:Fake XADD stream:candles:ETHUSDT:1 id=1760881978558-0
INFO:ws_publisher:Fake XADD stream:candles:BTCUSDT:1 id=1760881979663-0
INFO:ws_publisher:Fake XADD stream:candles:ETHUSDT:1 id=1760881979664-0
INFO:ws_publisher:Fake publisher heartbeat: running
INFO:ws_publisher:Fake XADD stream:candles:BTCUSDT:1 id=1760881980770-0
INFO:ws_publisher:Fake XADD stream:candles:ETHUSDT:1 id=1760881980771-0
INFO:ws_publisher:Fake XADD stream:candles:BTCUSDT:1 id=1760881981875-0
INFO:ws_publisher:Fake XADD stream:candles:ETHUSDT:1 id=1760881981876-0
INFO:ws_publisher:Fake XADD stream:candles:BTCUSDT:1 id=1760881982982-0
INFO:ws_publisher:Fake XADD stream:candles:ETHUSDT:1 id=1760881982984-0
INFO:ws_publisher:Fake XADD stream:candles:BTCUSDT:1 id=1760881984091-0
INFO:ws_publisher:Fake XADD stream:candles:ETHUSDT:1 id=1760881984092-0
INFO:ws_publisher:Fake XADD stream:candles:BTCUSDT:1 id=1760881985199-0
INFO:ws_publisher:Fake XADD stream:candles:ETHUSDT:1 id=1760881985200-0
INFO:ws_publisher:Fake XADD stream:candles:BTCUSDT:1 id=1760881986306-0
INFO:ws_publisher:Fake XADD stream:candles:ETHUSDT:1 id=1760881986308-0
INFO:ws_publisher:Fake XADD stream:candles:BTCUSDT:1 id=1760881987416-0
INFO:ws_publisher:Fake XADD stream:candles:ETHUSDT:1 id=1760881987417-0
INFO:ws_publisher:Fake XADD stream:candles:BTCUSDT:1 id=1760881988523-0
INFO:ws_publisher:Fake XADD stream:candles:ETHUSDT:1 id=1760881988524-0
INFO:ws_publisher:Fake XADD stream:candles:BTCUSDT:1 id=1760881989631-0
INFO:ws_publisher:Fake XADD stream:candles:ETHUSDT:1 id=1760881989634-0
INFO:ws_publisher:Fake XADD stream:candles:BTCUSDT:1 id=1760881990741-0
INFO:ws_publisher:Fake XADD stream:candles:ETHUSDT:1 id=1760881990742-0
INFO:ws_publisher:Fake XADD stream:candles:BTCUSDT:1 id=1760881991848-0
INFO:ws_publisher:Fake XADD stream:candles:ETHUSDT:1 id=1760881991852-0
INFO:ws_publisher:Fake XADD stream:candles:BTCUSDT:1 id=1760881992959-0
INFO:ws_publisher:Fake XADD stream:candles:ETHUSDT:1 id=1760881992961-0
INFO:ws_publisher:Fake XADD stream:candles:BTCUSDT:1 id=1760881994066-0
INFO:ws_publisher:Fake XADD stream:candles:ETHUSDT:1 id=1760881994068-0
INFO:ws_publisher:Fake XADD stream:candles:BTCUSDT:1 id=1760881995176-0
INFO:ws_publisher:Fake XADD stream:candles:ETHUSDT:1 id=1760881995179-0
INFO:ws_publisher:Fake XADD stream:candles:BTCUSDT:1 id=1760881996344-0
INFO:ws_publisher:Fake XADD stream:candles:ETHUSDT:1 id=1760881996351-0
INFO:ws_publisher:Fake XADD stream:candles:BTCUSDT:1 id=1760881997459-0
INFO:ws_publisher:Fake XADD stream:candles:ETHUSDT:1 id=1760881997461-0
INFO:ws_publisher:Fake XADD stream:candles:BTCUSDT:1 id=1760881998566-0
INFO:ws_publisher:Fake XADD stream:candles:ETHUSDT:1 id=1760881998587-0
INFO:ws_publisher:Fake XADD stream:candles:BTCUSDT:1 id=1760881999692-0
INFO:ws_publisher:Fake XADD stream:candles:ETHUSDT:1 id=1760881999694-0
INFO:ws_publisher:Fake XADD stream:candles:BTCUSDT:1 id=1760882000798-0
INFO:ws_publisher:Fake XADD stream:candles:ETHUSDT:1 id=1760882000799-0
INFO:ws_publisher:Fake XADD stream:candles:BTCUSDT:1 id=1760882001904-0
INFO:ws_publisher:Fake XADD stream:candles:ETHUSDT:1 id=1760882001905-0
INFO:ws_publisher:Fake XADD stream:candles:BTCUSDT:1 id=1760882003010-0
INFO:ws_publisher:Fake XADD stream:candles:ETHUSDT:1 id=1760882003011-0
INFO:ws_publisher:Fake XADD stream:candles:BTCUSDT:1 id=1760882004115-0
INFO:ws_publisher:Fake XADD stream:candles:ETHUSDT:1 id=1760882004116-0
INFO:ws_publisher:Fake XADD stream:candles:BTCUSDT:1 id=1760882005221-0
INFO:ws_publisher:Fake XADD stream:candles:ETHUSDT:1 id=1760882005222-0
INFO:ws_publisher:Fake XADD stream:candles:BTCUSDT:1 id=1760882006364-0
INFO:ws_publisher:Fake XADD stream:candles:ETHUSDT:1 id=1760882006366-0
INFO:ws_publisher:Fake XADD stream:candles:BTCUSDT:1 id=1760882007476-0
INFO:ws_publisher:Fake XADD stream:candles:ETHUSDT:1 id=1760882007479-0
INFO:ws_publisher:Fake XADD stream:candles:BTCUSDT:1 id=1760882008588-0
INFO:ws_publisher:Fake XADD stream:candles:ETHUSDT:1 id=1760882008591-0
INFO:ws_publisher:Fake XADD stream:candles:BTCUSDT:1 id=1760882009698-0
INFO:ws_publisher:Fake XADD stream:candles:ETHUSDT:1 id=1760882009702-0
INFO:ws_publisher:Fake publisher heartbeat: running
INFO:ws_publisher:Fake XADD stream:candles:BTCUSDT:1 id=1760882010809-0
INFO:ws_publisher:Fake XADD stream:candles:ETHUSDT:1 id=1760882010811-0
INFO:ws_publisher:Fake XADD stream:candles:BTCUSDT:1 id=1760882011916-0
INFO:ws_publisher:Fake XADD stream:candles:ETHUSDT:1 id=1760882011917-0
INFO:ws_publisher:Fake XADD stream:candles:BTCUSDT:1 id=1760882013022-0
INFO:ws_publisher:Fake XADD stream:candles:ETHUSDT:1 id=1760882013026-0
INFO:ws_publisher:Fake XADD stream:candles:BTCUSDT:1 id=1760882014133-0
INFO:ws_publisher:Fake XADD stream:candles:ETHUSDT:1 id=1760882014136-0
INFO:ws_publisher:Fake XADD stream:candles:BTCUSDT:1 id=1760882015342-0
INFO:ws_publisher:Fake XADD stream:candles:ETHUSDT:1 id=1760882015344-0
INFO:ws_publisher:Fake XADD stream:candles:BTCUSDT:1 id=1760882016449-0
INFO:ws_publisher:Fake XADD stream:candles:ETHUSDT:1 id=1760882016451-0
INFO:ws_publisher:Fake XADD stream:candles:BTCUSDT:1 id=1760882017556-0
INFO:ws_publisher:Fake XADD stream:candles:ETHUSDT:1 id=1760882017557-0
INFO:ws_publisher:Fake XADD stream:candles:BTCUSDT:1 id=1760882018661-0
INFO:ws_publisher:Fake XADD stream:candles:ETHUSDT:1 id=1760882018664-0
INFO:ws_publisher:Fake XADD stream:candles:BTCUSDT:1 id=1760882019770-0
INFO:ws_publisher:Fake XADD stream:candles:ETHUSDT:1 id=1760882019772-0
INFO:ws_publisher:Fake XADD stream:candles:BTCUSDT:1 id=1760882020876-0
INFO:ws_publisher:Fake XADD stream:candles:ETHUSDT:1 id=1760882020890-0
INFO:ws_publisher:Fake XADD stream:candles:BTCUSDT:1 id=1760882021996-0
INFO:ws_publisher:Fake XADD stream:candles:ETHUSDT:1 id=1760882021998-0
INFO:ws_publisher:Fake XADD stream:candles:BTCUSDT:1 id=1760882023103-0
INFO:ws_publisher:Fake XADD stream:candles:ETHUSDT:1 id=1760882023105-0
INFO:ws_publisher:Fake XADD stream:candles:BTCUSDT:1 id=1760882024210-0
INFO:ws_publisher:Fake XADD stream:candles:ETHUSDT:1 id=1760882024229-1
INFO:ws_publisher:Fake XADD stream:candles:BTCUSDT:1 id=1760882025334-0
INFO:ws_publisher:Fake XADD stream:candles:ETHUSDT:1 id=1760882025340-0
INFO:ws_publisher:Fake XADD stream:candles:BTCUSDT:1 id=1760882026445-0
INFO:ws_publisher:Fake XADD stream:candles:ETHUSDT:1 id=1760882026447-0
INFO:ws_publisher:Fake XADD stream:candles:BTCUSDT:1 id=1760882027556-0
INFO:ws_publisher:Fake XADD stream:candles:ETHUSDT:1 id=1760882027559-0
INFO:ws_publisher:Fake XADD stream:candles:BTCUSDT:1 id=1760882028664-0
INFO:ws_publisher:Fake XADD stream:candles:ETHUSDT:1 id=1760882028665-0
